<?xml version="1.0" encoding="UTF-8"?>
<!-- Generated by org.testng.reporters.JUnitReportReporter -->
<testsuite hostname="ETC1304235" failures="0" tests="1" name="com.webmath.qa.testcases.GeneralMathPageTest" time="10.785" errors="0" timestamp="10 Mar 2023 08:21:26 GMT" skipped="0">
  <testcase classname="com.webmath.qa.testcases.GeneralMathPageTest" name="numbersPronouncingTest" time="10.785"/>
</testsuite> <!-- com.webmath.qa.testcases.GeneralMathPageTest -->
