<?xml version="1.0" encoding="UTF-8"?>
<!-- Generated by org.testng.reporters.JUnitReportReporter -->
<testsuite hostname="ETC1304235" failures="0" tests="3" name="com.webmath.qa.testcases.HomePageTest" time="36.415" errors="0" timestamp="21 Feb 2023 17:25:14 GMT" skipped="0">
  <testcase classname="com.webmath.qa.testcases.HomePageTest" name="verifyHomePageTitleTest" time="7.102"/>
  <testcase classname="com.webmath.qa.testcases.HomePageTest" name="WebMathLogoImageTest" time="6.519"/>
  <testcase classname="com.webmath.qa.testcases.HomePageTest" name="simpleInterestTest" time="22.794"/>
</testsuite> <!-- com.webmath.qa.testcases.HomePageTest -->
