<?xml version="1.0" encoding="UTF-8"?>
<!-- Generated by org.testng.reporters.JUnitReportReporter -->
<testsuite hostname="ETC1304235" failures="0" tests="3" name="com.webmath.qa.testcases.HomePageTest" time="44.214" errors="0" timestamp="10 Mar 2023 06:56:53 GMT" skipped="0">
  <testcase classname="com.webmath.qa.testcases.HomePageTest" name="verifyHomePageTitleTest" time="10.977"/>
  <testcase classname="com.webmath.qa.testcases.HomePageTest" name="WebMathLogoImageTest" time="10.652"/>
  <testcase classname="com.webmath.qa.testcases.HomePageTest" name="simpleInterestTest" time="22.585"/>
</testsuite> <!-- com.webmath.qa.testcases.HomePageTest -->
