<?xml version="1.0" encoding="UTF-8"?>
<!-- Generated by org.testng.reporters.JUnitReportReporter -->
<testsuite hostname="ETC1304235" failures="0" tests="1" name="com.webmath.qa.testcases.K8MathPageTest" time="11.538" errors="0" timestamp="10 Mar 2023 08:38:52 GMT" skipped="0">
  <testcase classname="com.webmath.qa.testcases.K8MathPageTest" name="powerConversionTest" time="11.538"/>
</testsuite> <!-- com.webmath.qa.testcases.K8MathPageTest -->
